<?xml version="1.0" encoding="UTF-8"?>
<testsuite name="com.webdavrenamer.core.tmdb.TmdbClientTest" tests="8" skipped="0" failures="0" errors="0" timestamp="2026-07-23T14:13:20.001Z" hostname="all-in-one-53-r489g" time="0.309">
  <properties/>
  <testcase name="getTv maps as EPISODE type with season count" classname="com.webdavrenamer.core.tmdb.TmdbClientTest" time="0.113"/>
  <testcase name="getMovie uses append_to_response and maps full detail" classname="com.webdavrenamer.core.tmdb.TmdbClientTest" time="0.026"/>
  <testcase name="searchTv sends query and parses tv results" classname="com.webdavrenamer.core.tmdb.TmdbClientTest" time="0.01"/>
  <testcase name="getMovie retries on 429 with Retry-After then succeeds" classname="com.webdavrenamer.core.tmdb.TmdbClientTest" time="0.054"/>
  <testcase name="enrichWithCollection returns input unchanged when collectionId is null" classname="com.webdavrenamer.core.tmdb.TmdbClientTest" time="0.002"/>
  <testcase name="getSeason parses episodes list" classname="com.webdavrenamer.core.tmdb.TmdbClientTest" time="0.018"/>
  <testcase name="searchMovie sends query api_key and Accept header" classname="com.webdavrenamer.core.tmdb.TmdbClientTest" time="0.015"/>
  <testcase name="enrichWithCollection fetches collection and fills collectionIndex" classname="com.webdavrenamer.core.tmdb.TmdbClientTest" time="0.07"/>
  <system-out><![CDATA[]]></system-out>
  <system-err><![CDATA[]]></system-err>
</testsuite>
