<?xml version="1.0" encoding="UTF-8"?>
<testsuite name="com.webdavrenamer.core.backup.HostsSpeedTestTest" tests="11" skipped="0" failures="0" errors="0" timestamp="2026-07-23T14:13:18.399Z" hostname="all-in-one-53-r489g" time="1.089">
  <properties/>
  <testcase name="testIp 连接异常返回 errorMessage 且 statusCode 与 latencyMs 为 null" classname="com.webdavrenamer.core.backup.HostsSpeedTestTest" time="0.844"/>
  <testcase name="testAllIps 空列表返回空结果" classname="com.webdavrenamer.core.backup.HostsSpeedTestTest" time="0.013"/>
  <testcase name="pickFastest 单 IP 可用返回该 IP" classname="com.webdavrenamer.core.backup.HostsSpeedTestTest" time="0.074"/>
  <testcase name="pickFastest 全部失败返回 null" classname="com.webdavrenamer.core.backup.HostsSpeedTestTest" time="0.023"/>
  <testcase name="testIp 3xx 视为可用" classname="com.webdavrenamer.core.backup.HostsSpeedTestTest" time="0.02"/>
  <testcase name="pickFastest 多 IP 返回延迟最低可用的结果" classname="com.webdavrenamer.core.backup.HostsSpeedTestTest" time="0.046"/>
  <testcase name="testIp 5xx 视为不可用" classname="com.webdavrenamer.core.backup.HostsSpeedTestTest" time="0.015"/>
  <testcase name="testAllIps 并行测试返回与输入顺序一致的结果" classname="com.webdavrenamer.core.backup.HostsSpeedTestTest" time="0.018"/>
  <testcase name="testIp 200 返回成功可用且延迟非空" classname="com.webdavrenamer.core.backup.HostsSpeedTestTest" time="0.012"/>
  <testcase name="pickFastest 空列表返回 null" classname="com.webdavrenamer.core.backup.HostsSpeedTestTest" time="0.005"/>
  <testcase name="testIp 4xx 视为不可用且 errorMessage 标注状态码" classname="com.webdavrenamer.core.backup.HostsSpeedTestTest" time="0.019"/>
  <system-out><![CDATA[]]></system-out>
  <system-err><![CDATA[]]></system-err>
</testsuite>
